<?xml version="1.0" encoding="UTF-8"?>
<!-- Generated by org.testng.reporters.JUnitReportReporter -->
<testsuite hostname="CHOUDHARYSHAAB" failures="0" tests="3" name="testNG_extra.Demo" time="0.011" errors="0" timestamp="2025-10-09T15:20:32 IST" skipped="0">
  <testcase classname="testNG_extra.Demo" name="Case2" time="0.002">
    <system-out>
      <![CDATA[Write in Report]]>
    </system-out>
  </testcase> <!-- Case2 -->
  <testcase classname="testNG_extra.Demo" name="Case3" time="0.001">
    <system-out>
      <![CDATA[Write in Report and console]]>
    </system-out>
  </testcase> <!-- Case3 -->
  <testcase classname="testNG_extra.Demo" name="Case1" time="0.008"/>
  <system-out>
    <![CDATA[Write in Report
Write in Report and console]]>
  </system-out>
</testsuite> <!-- testNG_extra.Demo -->
