<?xml version="1.0" encoding="UTF-8"?>
<!-- Generated by org.testng.reporters.JUnitReportReporter -->
<testsuite hostname="CHOUDHARYSHAAB" failures="0" tests="1" name="config_ann_extra.OppTest" time="0.001" errors="0" timestamp="2025-10-15T17:02:23 IST" skipped="0">
  <testcase classname="config_ann_extra.OppTest" name="createOppTest" time="0.001"/>
</testsuite> <!-- config_ann_extra.OppTest -->
