<?xml version="1.0" encoding="UTF-8"?>
<!-- Generated by org.testng.reporters.JUnitReportReporter -->
<testsuite hostname="CHOUDHARYSHAAB" failures="0" tests="1" name="types_Of_Executions.Demo5" time="6.420" errors="0" timestamp="2025-10-14T23:15:48 IST" skipped="0">
  <testcase classname="types_Of_Executions.Demo5" name="case3" time="6.420"/>
</testsuite> <!-- types_Of_Executions.Demo5 -->
