<?xml version="1.0" encoding="UTF-8"?>
<!-- Generated by org.testng.reporters.JUnitReportReporter -->
<testsuite hostname="CHOUDHARYSHAAB" failures="0" tests="1" name="types_Of_Executions.Demo2" time="3.551" errors="0" timestamp="2025-10-14T23:22:01 IST" skipped="0">
  <testcase classname="types_Of_Executions.Demo2" name="case1" time="3.551"/>
</testsuite> <!-- types_Of_Executions.Demo2 -->
